For/<s> six/<s> years/<s> ,/<s> T./<s> Marshall/<s> Hahn/<s> Jr./<s> has/<s> made/<s> corporate/<s> acquisitions/<s> in/<s> the/<s> George/<s> Bush/<s> mode/<s> :/<s> kind/<s> and/<e> gentle/JJ ./. 
The/DT question/NN now/RB :/: Can/MD he/PRP act/VBP more/RBR like/JJ hard-charging/NN Teddy/NNP Roosevelt/NNP ?/. 
Mr./<s> Hahn/<s> ,/<s> the/<s> 62-year-old/<s> chairman/<s> and/<e> chief/JJ executive/NN officer/NN of/IN Georgia-Pacific/NNP Corp./NNP is/VBZ leading/VBG the/DT forest-product/JJ concern/NN 's/POS unsolicited/JJ $/$ 3.19/CD billion/CD bid/NN for/IN Great/NNP Northern/NNP Nekoosa/NNP Corp/NNP ./. 
Nekoosa/NNP has/VBZ given/VBN the/DT offer/NN a/DT public/JJ cold/JJ shoulder/NN ,/, a/DT reaction/NN Mr./NNP Hahn/NNP has/VBZ n't/RB faced/VBN in/IN his/PRP$ 18/CD earlier/JJR acquisitions/NNS ,/, all/RB of/IN which/WDT were/VBD negotiated/VBN behind/IN the/DT scenes/NNS ./. 
So/RB far/RB ,/, Mr./NNP Hahn/NNP is/VBZ trying/VBG to/TO entice/VB Nekoosa/NN into/IN negotiating/VBG a/DT friendly/JJ surrender/NN while/IN talking/VBG tough/JJ ./. 
``/`` We/PRP are/VBP prepared/VBN to/TO pursue/VB aggressively/RB completion/NN of/IN this/DT transaction/NN ,/, ''/'' he/PRP says/VBZ ./. 
But/<e> a/DT takeover/NN battle/NN opens/VBZ up/RP the/DT possibility/NN of/IN a/DT bidding/JJ war/NN ,/, with/IN all/PDT that/DT implies/VBZ ./. 
If/<s> a/<s> competitor/<s> enters/<s> the/<s> game/<s> ,/<s> for/<s> example/<s> ,/<s> Mr./<s> Hahn/<s> could/<s> face/<s> the/<s> dilemma/<s> of/<s> paying/<s> a/<s> premium/<s> for/<s> Nekoosa/<s> or/<e> seeing/VBG the/DT company/NN fall/NN into/IN the/DT arms/NNS of/IN a/DT rival/NN ./. 
Given/<s> that/<s> choice/<s> ,/<s> associates/<s> of/<s> Mr./<s> Hahn/<s> and/<e> industry/NN observers/NNS say/VBP the/DT former/JJ university/NN president/NN --/: who/WP has/VBZ developed/VBN a/DT reputation/NN for/IN not/RB overpaying/VBN for/IN anything/NN --/: would/MD fold/VB ./. 
``/<s> There/<s> 's/<s> a/<s> price/<s> above/<s> which/<s> I/<s> 'm/<s> positive/<s> Marshall/<s> has/<s> the/<s> courage/<s> not/<s> to/<s> pay/<s> ,/<s> ''/<s> says/<s> A.D./<s> Correll/<s> ,/<s> Georgia-Pacific/<s> 's/<s> executive/<s> vice/<s> president/<s> for/<s> pulp/<s> and/<e> paper/NN ./. 
Says/VBZ long-time/JJ associate/NN Jerry/NNP Griffin/NNP ,/, vice/NN president/NN ,/, corporate/JJ development/NN ,/, at/IN WTD/NNP Industries/NNP Inc./NNP :/: ``/`` He/PRP is/VBZ n't/RB of/IN the/DT old/JJ school/NN of/IN winning/NN at/IN any/DT cost/NN ./. ''/'' 
He/PRP also/RB is/VBZ a/DT consensus/NN manager/NN ,/, insiders/NNS say/VBP ./. 
The/DT decision/NN to/TO make/VB the/DT bid/NN for/IN Nekoosa/NNP ,/, for/IN example/NN ,/, was/VBD made/VBN only/RB after/IN all/DT six/CD members/NNS of/IN Georgia-Pacific/NNP 's/POS management/NN committee/NN signed/VBN onto/IN the/DT deal/NN --/: even/RB though/IN Mr./NNP Hahn/NNP knew/VBD he/PRP wanted/VBD to/TO go/VB after/IN the/DT company/NN early/RB on/IN ,/, says/VBZ Mr./NNP Correll/NNP ./. 
Associates/NNP say/NNP Mr./NNP Hahn/NNP picked/VBD up/RP that/DT careful/JJ approach/NN to/TO management/NN as/IN president/NN of/IN Virginia/NNP Polytechnic/NNP Institute/NNP ./. 
Assuming/VBG that/DT post/NN at/IN the/DT age/NN of/IN 35/CD ,/, he/PRP managed/VBD by/IN consensus/NN ,/, as/RB is/VBZ the/DT rule/NN in/IN universities/NNS ,/, says/VBZ Warren/NNP H./NNP Strother/NNP ,/, a/DT university/NN official/NN who/WP is/VBZ researching/PDT a/DT book/NN on/IN Mr./NNP Hahn/NNP ./. 
But/<e> he/PRP also/RB showed/VBD a/DT willingness/NN to/TO take/VB a/DT strong/JJ stand/NN ./. 
In/IN 1970/CD ,/, Mr./NNP Hahn/NNP called/VBD in/IN state/NN police/NN to/TO arrest/VB student/NN protesters/NNS who/WP were/VBD occupying/JJ a/DT university/NN building/NN ./. 
That/DT impressed/JJ Robert/NNP B./NNP Pamplin/NNP ,/, Georgia-Pacific/NNP 's/POS chief/JJ executive/NN at/IN the/DT time/NN ,/, whom/WP Mr./NNP Hahn/NNP had/VBD met/VBN while/IN fundraising/NN for/IN the/DT institute/NN ./. 
In/IN 1975/CD ,/, Mr./NNP Pamplin/$ enticed/CD Mr./NNP Hahn/NNP into/IN joining/VBG the/DT company/NN as/IN executive/JJ vice/NN president/NN in/IN charge/NN of/IN chemicals/NNS ;/: the/DT move/NN befuddled/MD many/VB in/IN Georgia-Pacific/NNP who/WP did/VBD n't/RB believe/VB a/DT university/NN administrator/NN could/MD make/VB the/DT transition/NN to/TO the/DT corporate/JJ world/NN ./. 
But/<e> Mr./NNP Hahn/NNP rose/VBD swiftly/RB through/IN the/DT ranks/NNS ,/, demonstrating/VBG a/DT raw/JJ intelligence/NN that/WDT he/PRP says/VBZ he/PRP knew/VBD he/PRP possessed/VBN early/RB on/IN ./. 
The/DT son/NN of/IN a/DT physicist/NN ,/, Mr./NNP Hahn/NNP skipped/VBD first/JJ grade/NN because/IN his/PRP$ reading/NN ability/NN was/VBD so/RB far/RB above/IN his/PRP$ classmates/NNS ./. 
Moving/DT rapidly/RB through/JJ school/NN ,/, he/PRP graduated/VBD Phi/RBS Beta/JJ Kappa/NN from/IN the/DT University/NN of/IN Kentucky/NNP at/IN age/$ 18/CD ,/, after/IN spending/NN only/RB 2/CD 1/2/CD years/NNS in/IN college/NN ./. 
He/PRP earned/VBD his/PRP$ doctorate/NN in/IN nuclear/JJ physics/NN from/IN the/DT Massachusetts/NNP Institute/NNP of/IN Technology/NNP ./. 
Mr./<s> Hahn/<s> agrees/<s> that/<s> he/<s> has/<s> a/<s> ``/<s> retentive/<s> ''/<s> memory/<s> ,/<s> but/<e> friends/NNS say/VBP that/WDT 's/POS an/DT understatement/NN ./. 
They/PRP call/VBP it/PRP ``/`` photographic/JJ ''/'' ./. 
Mr./NNP Hahn/NNP also/RB has/VBZ engineered/VBN a/DT surprising/JJ turnaround/NN of/IN Georgia-Pacific/NNP ./. 
Taking/<s> over/<s> as/<s> chief/<s> executive/<s> officer/<s> in/<s> 1983/<s> ,/<s> he/<s> inherited/<s> a/<s> company/<s> that/<s> was/<s> mired/<s> in/<s> debt/<s> and/<e> hurt/VBN by/IN a/DT recession-inspired/JJ slide/NN in/IN its/PRP$ building-products/NNS business/NN ./. 
Mr./<s> Hahn/<s> began/<s> selling/<s> non-core/<s> businesses/<s> ,/<s> such/<s> as/<s> oil/<s> and/<s> gas/<s> and/<e> chemicals/NNS ./. 
He/PRP even/RB sold/$ one/CD unit/NN that/WDT made/VBD vinyl/NN checkbook/NN covers/VBZ ./. 
At/<s> the/<s> same/<s> time/<s> ,/<s> he/<s> began/<s> building/<s> up/<s> the/<s> pulp/<s> and/<s> paper/<s> segment/<s> of/<s> the/<s> company/<s> while/<s> refocusing/<s> building/<s> products/<s> on/<s> home/<s> repair/<s> and/<e> remodeling/NN ,/, rather/RB than/IN materials/NNS for/IN new-home/JJ construction/NN ./. 
The/DT idea/NN was/VBD to/TO buffet/VB building/NN products/NNS from/IN cycles/NNS in/IN new-home/JJ construction/NN ./. 
The/DT formula/NN has/VBZ paid/VBN off/RP ,/, so/RB far/RB ./. 
Georgia-Pacific/NNP 's/POS sales/NNS climbed/VBD to/TO $/$ 9.5/CD billion/CD last/JJ year/NN ,/, compared/VBN with/IN $/$ 6/CD billion/CD in/IN 1983/CD ,/, when/WRB Mr./NNP Hahn/NNP took/VBD the/DT reins/NNS ./. 
Profit/NN from/IN continuing/JJ operations/NNS has/VBZ soared/VBN to/TO $/$ 467/CD million/CD from/IN $/$ 75/CD million/CD ./. 
Mr./NNP Hahn/NNP attributes/VBZ the/DT gains/NNS to/TO the/DT philosophy/NN of/IN concentrating/VBG on/IN what/WP a/DT company/NN knows/VBZ best/RB ./. 
``/`` The/DT record/NN of/IN companies/NNS that/WDT have/VBP diversified/VBN is/VBZ n't/RB all/PDT that/DT impressive/JJ ,/, ''/'' he/PRP says/VBZ ./. 
Nekoosa/NNP would/MD n't/RB be/VB a/DT diversification/NN ./. 
